<?xml version="1.0" encoding="UTF-8"?>
<!-- Generated by org.testng.reporters.JUnitXMLReporter -->
<testsuite ignored="1" hostname="LAPTOP-IQQU6VUL" failures="0" tests="1" name="Chrome_Test" time="15.787" errors="0" timestamp="2025-03-23T19:02:58 IST">
  <testcase classname="tests.CartTest" name="testAddMultipleProductsToCart_ExcelFile" time="6.575"/>
  <testcase classname="tests.CartTest" name="testAddMultipleProductsToCart_PropertiesFile" time="0.0">
    <ignored/>
  </testcase> <!-- testAddMultipleProductsToCart_PropertiesFile -->
</testsuite> <!-- Chrome_Test -->
