<?xml version="1.0" encoding="UTF-8"?>
<!-- Generated by org.testng.reporters.JUnitXMLReporter -->
<testsuite ignored="1" hostname="LAPTOP-IQQU6VUL" failures="0" tests="1" name="Edge_Test" time="21.294" errors="0" timestamp="2025-03-22T12:05:34 IST">
  <testcase classname="tests.CartTest" name="testAddMultipleProductsToCart_ExcelFile" time="8.243"/>
  <testcase classname="tests.CartTest" name="testAddMultipleProductsToCart_PropertiesFile" time="0.0">
    <ignored/>
  </testcase> <!-- testAddMultipleProductsToCart_PropertiesFile -->
</testsuite> <!-- Edge_Test -->
