<?xml version="1.0" encoding="UTF-8"?>
<testng-results ignored="1" total="2" passed="1" failed="0" skipped="0">
  <reporter-output>
  </reporter-output>
  <suite started-at="2025-03-24T01:44:35 IST" name="PetStoreSuite" finished-at="2025-03-24T01:44:45 IST" duration-ms="9946">
    <groups>
    </groups>
    <test started-at="2025-03-24T01:44:35 IST" name="Chrome_Test" finished-at="2025-03-24T01:44:45 IST" duration-ms="9946">
      <class name="tests.PetTest">
        <test-method is-config="true" signature="clearAllureResults()[pri:0, instance:tests.PetTest@42a15bdc]" started-at="2025-03-24T01:44:35 IST" name="clearAllureResults" finished-at="2025-03-24T01:44:35 IST" duration-ms="39" status="PASS">
          <reporter-output>
          </reporter-output>
        </test-method> <!-- clearAllureResults -->
        <test-method is-config="true" signature="setUp(java.lang.String,java.lang.String)[pri:0, instance:tests.PetTest@42a15bdc]" started-at="2025-03-24T01:44:37 IST" name="setUp" finished-at="2025-03-24T01:44:42 IST" duration-ms="4599" status="PASS">
          <params>
            <param index="0">
              <value>
                <![CDATA[chrome]]>
              </value>
            </param>
            <param index="1">
              <value>
                <![CDATA[https://petstore.octoperf.com/actions/Catalog.action]]>
              </value>
            </param>
          </params>
          <reporter-output>
          </reporter-output>
        </test-method> <!-- setUp -->
        <test-method signature="testSearchAndAddToCart_ExcelFile(java.lang.String)[pri:0, instance:tests.PetTest@42a15bdc]" started-at="2025-03-24T01:44:42 IST" name="testSearchAndAddToCart_ExcelFile" data-provider="petDataFromExcel" finished-at="2025-03-24T01:44:45 IST" duration-ms="2429" status="PASS">
          <params>
            <param index="0">
              <value>
                <![CDATA[dog]]>
              </value>
            </param>
          </params>
          <reporter-output>
          </reporter-output>
        </test-method> <!-- testSearchAndAddToCart_ExcelFile -->
        <test-method is-config="true" signature="close()[pri:0, instance:tests.PetTest@42a15bdc]" started-at="2025-03-24T01:44:45 IST" name="close" finished-at="2025-03-24T01:44:45 IST" duration-ms="874" status="PASS">
          <reporter-output>
          </reporter-output>
        </test-method> <!-- close -->
        <test-method is-config="true" signature="generateAllureReport()[pri:0, instance:tests.PetTest@42a15bdc]" started-at="2025-03-24T01:44:45 IST" name="generateAllureReport" finished-at="2025-03-24T01:44:53 IST" duration-ms="7501" status="PASS">
          <reporter-output>
          </reporter-output>
        </test-method> <!-- generateAllureReport -->
      </class> <!-- tests.PetTest -->
    </test> <!-- Chrome_Test -->
  </suite> <!-- PetStoreSuite -->
</testng-results>
