# JRE version: Java(TM) SE Runtime Environment (17.0.12+8) (build 17.0.12+8-LTS-286)
# Java VM: Java HotSpot(TM) 64-Bit Server VM (17.0.12+8-LTS-286, mixed mode, sharing, tiered, compressed oops, compressed class ptrs, g1 gc, windows-amd64)
GC Precious Log:
 CPUs: 4 total, 4 available
 Memory: 3500M
 Large Page Support: Disabled
 NUMA Support: Disabled
 Compressed Oops: Enabled (32-bit)
 Heap Region Size: 1M
 Heap Min Capacity: 8M
 Heap Initial Capacity: 56M
 Heap Max Capacity: 876M
 Pre-touch: Disabled
 Parallel Workers: 4
 Concurrent Workers: 1
 Concurrent Refinement Workers: 4
 Periodic GC: Disabled
Heap:
 garbage-first heap   total 111616K, used 27523K [0x00000000c9400000, 0x0000000100000000)
  region size 1024K, 16 young (16384K), 3 survivors (3072K)
 Metaspace       used 30824K, committed 31168K, reserved 1114112K
  class space    used 3753K, committed 3904K, reserved 1048576K
GC Heap History (18 events):
Event: 0.895 GC heap before
{Heap before GC invocations=0 (full 0):
 garbage-first heap   total 57344K, used 13312K [0x00000000c9400000, 0x0000000100000000)
  region size 1024K, 13 young (13312K), 0 survivors (0K)
 Metaspace       used 3055K, committed 3200K, reserved 1114112K
  class space    used 321K, committed 384K, reserved 1048576K
}
Event: 0.903 GC heap after
{Heap after GC invocations=1 (full 0):
 garbage-first heap   total 57344K, used 7575K [0x00000000c9400000, 0x0000000100000000)
  region size 1024K, 2 young (2048K), 2 survivors (2048K)
 Metaspace       used 3055K, committed 3200K, reserved 1114112K
  class space    used 321K, committed 384K, reserved 1048576K
}
Event: 1.491 GC heap before
{Heap before GC invocations=1 (full 0):
 garbage-first heap   total 57344K, used 17815K [0x00000000c9400000, 0x0000000100000000)
  region size 1024K, 12 young (12288K), 2 survivors (2048K)
 Metaspace       used 7245K, committed 7488K, reserved 1114112K
  class space    used 749K, committed 896K, reserved 1048576K
}
Event: 1.495 GC heap after
{Heap after GC invocations=2 (full 0):
 garbage-first heap   total 57344K, used 9126K [0x00000000c9400000, 0x0000000100000000)
  region size 1024K, 2 young (2048K), 2 survivors (2048K)
 Metaspace       used 7245K, committed 7488K, reserved 1114112K
  class space    used 749K, committed 896K, reserved 1048576K
}
Event: 1.921 GC heap before
{Heap before GC invocations=2 (full 0):
 garbage-first heap   total 57344K, used 23462K [0x00000000c9400000, 0x0000000100000000)
  region size 1024K, 17 young (17408K), 2 survivors (2048K)
 Metaspace       used 10931K, committed 11136K, reserved 1114112K
  class space    used 1216K, committed 1280K, reserved 1048576K
}
Event: 1.926 GC heap after
{Heap after GC invocations=3 (full 0):
 garbage-first heap   total 57344K, used 9790K [0x00000000c9400000, 0x0000000100000000)
  region size 1024K, 3 young (3072K), 3 survivors (3072K)
 Metaspace       used 10931K, committed 11136K, reserved 1114112K
  class space    used 1216K, committed 1280K, reserved 1048576K
}
Event: 2.877 GC heap before
{Heap before GC invocations=3 (full 0):
 garbage-first heap   total 57344K, used 36414K [0x00000000c9400000, 0x0000000100000000)
  region size 1024K, 29 young (29696K), 3 survivors (3072K)
 Metaspace       used 18476K, committed 18816K, reserved 1114112K
  class space    used 2180K, committed 2304K, reserved 1048576K
}
Event: 2.883 GC heap after
{Heap after GC invocations=4 (full 0):
 garbage-first heap   total 57344K, used 11455K [0x00000000c9400000, 0x0000000100000000)
  region size 1024K, 3 young (3072K), 3 survivors (3072K)
 Metaspace       used 18476K, committed 18816K, reserved 1114112K
  class space    used 2180K, committed 2304K, reserved 1048576K
}
Event: 3.156 GC heap before
{Heap before GC invocations=4 (full 0):
 garbage-first heap   total 57344K, used 19647K [0x00000000c9400000, 0x0000000100000000)
  region size 1024K, 13 young (13312K), 3 survivors (3072K)
 Metaspace       used 21205K, committed 21504K, reserved 1114112K
  class space    used 2527K, committed 2688K, reserved 1048576K
}
Event: 3.160 GC heap after
{Heap after GC invocations=5 (full 0):
 garbage-first heap   total 57344K, used 12252K [0x00000000c9400000, 0x0000000100000000)
  region size 1024K, 3 young (3072K), 3 survivors (3072K)
 Metaspace       used 21205K, committed 21504K, reserved 1114112K
  class space    used 2527K, committed 2688K, reserved 1048576K
}
Event: 3.327 GC heap before
{Heap before GC invocations=6 (full 0):
 garbage-first heap   total 48128K, used 37852K [0x00000000c9400000, 0x0000000100000000)
  region size 1024K, 29 young (29696K), 3 survivors (3072K)
 Metaspace       used 22436K, committed 22784K, reserved 1114112K
  class space    used 2686K, committed 2816K, reserved 1048576K
}
Event: 3.334 GC heap after
{Heap after GC invocations=7 (full 0):
 garbage-first heap   total 48128K, used 13040K [0x00000000c9400000, 0x0000000100000000)
  region size 1024K, 2 young (2048K), 2 survivors (2048K)
 Metaspace       used 22436K, committed 22784K, reserved 1114112K
  class space    used 2686K, committed 2816K, reserved 1048576K
}
Event: 3.336 GC heap before
{Heap before GC invocations=7 (full 0):
 garbage-first heap   total 48128K, used 14064K [0x00000000c9400000, 0x0000000100000000)
  region size 1024K, 3 young (3072K), 2 survivors (2048K)
 Metaspace       used 22436K, committed 22784K, reserved 1114112K
  class space    used 2686K, committed 2816K, reserved 1048576K
}
Event: 3.340 GC heap after
{Heap after GC invocations=8 (full 0):
 garbage-first heap   total 48128K, used 13000K [0x00000000c9400000, 0x0000000100000000)
  region size 1024K, 1 young (1024K), 1 survivors (1024K)
 Metaspace       used 22436K, committed 22784K, reserved 1114112K
  class space    used 2686K, committed 2816K, reserved 1048576K
}
Event: 3.410 GC heap before
{Heap before GC invocations=8 (full 0):
 garbage-first heap   total 48128K, used 33480K [0x00000000c9400000, 0x0000000100000000)
  region size 1024K, 21 young (21504K), 1 survivors (1024K)
 Metaspace       used 22722K, committed 23104K, reserved 1114112K
  class space    used 2712K, committed 2880K, reserved 1048576K
}
Event: 3.412 GC heap after
{Heap after GC invocations=9 (full 0):
 garbage-first heap   total 48128K, used 14126K [0x00000000c9400000, 0x0000000100000000)
  region size 1024K, 2 young (2048K), 2 survivors (2048K)
 Metaspace       used 22722K, committed 23104K, reserved 1114112K
  class space    used 2712K, committed 2880K, reserved 1048576K
}
Event: 3.957 GC heap before
{Heap before GC invocations=9 (full 0):
 garbage-first heap   total 48128K, used 33582K [0x00000000c9400000, 0x0000000100000000)
  region size 1024K, 22 young (22528K), 2 survivors (2048K)
 Metaspace       used 26907K, committed 27200K, reserved 1114112K
  class space    used 3245K, committed 3392K, reserved 1048576K
}
Event: 3.962 GC heap after
{Heap after GC invocations=10 (full 0):
 garbage-first heap   total 111616K, used 15235K [0x00000000c9400000, 0x0000000100000000)
  region size 1024K, 3 young (3072K), 3 survivors (3072K)
 Metaspace       used 26907K, committed 27200K, reserved 1114112K
  class space    used 3245K, committed 3392K, reserved 1048576K
}

