<?xml version="1.0" encoding="UTF-8"?>
<!-- Generated by org.testng.reporters.JUnitXMLReporter -->
<testsuite ignored="1" hostname="LAPTOP-IQQU6VUL" failures="0" tests="1" name="Chrome_Test" time="9.946" errors="0" timestamp="2025-03-24T01:44:45 IST">
  <testcase classname="tests.PetTest" name="testSearchAndAddToCart_ExcelFile" time="2.429"/>
  <testcase classname="tests.PetTest" name="testSearchAndAddToCart_PropertiesFile" time="0.0">
    <ignored/>
  </testcase> <!-- testSearchAndAddToCart_PropertiesFile -->
</testsuite> <!-- Chrome_Test -->
