<?xml version="1.0" encoding="UTF-8"?>
<!-- Generated by org.testng.reporters.JUnitXMLReporter -->
<testsuite ignored="1" hostname="LAPTOP-IQQU6VUL" failures="1" tests="1" name="Chrome_Test" time="0.097" errors="0" timestamp="2025-03-21T18:04:56 IST">
  <testcase classname="tests.CartTest" name="testAddMultipleProductsToCart_PropertiesFile" time="0.0">
    <failure type="java.lang.RuntimeException" message="java.lang.NullPointerException: Cannot invoke &amp;quot;java.util.Properties.getProperty(String)&amp;quot; because &amp;quot;tests.CartTest.prop&amp;quot; is null">
      <![CDATA[java.lang.RuntimeException: java.lang.NullPointerException: Cannot invoke "java.util.Properties.getProperty(String)" because "tests.CartTest.prop" is null
at java.base/java.util.ArrayList.forEach(ArrayList.java:1511)
at java.base/java.util.concurrent.FutureTask.run(FutureTask.java:264)
at java.base/java.util.concurrent.ThreadPoolExecutor.runWorker(ThreadPoolExecutor.java:1136)
at java.base/java.util.concurrent.ThreadPoolExecutor$Worker.run(ThreadPoolExecutor.java:635)
at java.base/java.lang.Thread.run(Thread.java:842)
Caused by: java.lang.NullPointerException: Cannot invoke "java.util.Properties.getProperty(String)" because "tests.CartTest.prop" is null
at tests.CartTest.getCartDataFromProperties(CartTest.java:39)
... 19 more
... Removed 22 stack frames]]>
    </failure>
  </testcase> <!-- testAddMultipleProductsToCart_PropertiesFile -->
  <testcase classname="tests.CartTest" name="testAddMultipleProductsToCart_ExcelData" time="0.0">
    <ignored/>
  </testcase> <!-- testAddMultipleProductsToCart_ExcelData -->
</testsuite> <!-- Chrome_Test -->
