<?xml version="1.0" encoding="UTF-8"?>
<!-- Generated by org.testng.reporters.JUnitXMLReporter -->
<testsuite ignored="1" hostname="LAPTOP-IQQU6VUL" failures="0" tests="1" name="Edge_Test" time="20.813" errors="0" timestamp="2025-03-21T02:31:43 IST">
  <testcase classname="tests.PetTest" name="testSearchAndAddToCart_PropertiesFile" time="2.951"/>
  <testcase classname="tests.PetTest" name="testSearchAndAddToCart_ExcelData" time="0.0">
    <ignored/>
  </testcase> <!-- testSearchAndAddToCart_ExcelData -->
</testsuite> <!-- Edge_Test -->
