<?xml version="1.0" encoding="UTF-8"?>
<!-- Generated by org.testng.reporters.JUnitXMLReporter -->
<testsuite ignored="1" hostname="LAPTOP-IQQU6VUL" failures="0" tests="1" name="Edge_Test" time="10.979" errors="0" timestamp="2025-03-22T22:37:15 IST">
  <testcase classname="tests.PetTest" name="testSearchAndAddToCart_ExcelFile" time="2.378"/>
  <testcase classname="tests.PetTest" name="testSearchAndAddToCart_PropertiesFile" time="0.0">
    <ignored/>
  </testcase> <!-- testSearchAndAddToCart_PropertiesFile -->
</testsuite> <!-- Edge_Test -->
